library/build/intermediates/manifest_merge_blame_file/debug/manifest-merger-blame-debug-report.txt
1<?xml version="1.0" encoding="utf-8"?>
2<manifest xmlns:android="http://schemas.android.com/apk/res/android"
3    package="cat.ereza.customactivityoncrash" >
4
5    <uses-sdk
6        android:minSdkVersion="16"
6-->src/main/AndroidManifest.xml
7        android:targetSdkVersion="32" />
7-->src/main/AndroidManifest.xml
8
9    <application>
9-->src/main/AndroidManifest.xml:4:5-13:19
10        <activity
10-->src/main/AndroidManifest.xml:5:9-7:49
11            android:name="cat.ereza.customactivityoncrash.activity.DefaultErrorActivity"
11-->src/main/AndroidManifest.xml:6:13-89
12            android:process=":error_activity" />
12-->src/main/AndroidManifest.xml:7:13-46
13
14        <provider
14-->src/main/AndroidManifest.xml:8:9-12:39
15            android:name="cat.ereza.customactivityoncrash.provider.CaocInitProvider"
15-->src/main/AndroidManifest.xml:9:13-85
16            android:authorities="${applicationId}.customactivityoncrashinitprovider"
16-->src/main/AndroidManifest.xml:10:13-85
17            android:exported="false"
17-->src/main/AndroidManifest.xml:11:13-37
18            android:initOrder="101" />
18-->src/main/AndroidManifest.xml:12:13-36
19    </application>
20
21</manifest>